<?xml version="1.0" encoding="UTF-8" standalone="no"?>
<!DOCTYPE log SYSTEM "logger.dtd">
<log>
<record>
  <date>2018-03-20T08:58:51</date>
  <millis>1521532731876</millis>
  <sequence>0</sequence>
  <level>START</level>
  <class>com.kms.katalon.core.logging.KeywordLogger</class>
  <method>startSuite</method>
  <thread>1</thread>
  <message>Start Test Suite : Test Suites/Prototyp GAA (RC18) 13_03_2018</message>
  <nestedLevel>0</nestedLevel>
  <property name="name">Prototyp GAA (RC18) 13_03_2018</property>
  <property name="description"></property>
  <property name="id">Test Suites/Prototyp GAA (RC18) 13_03_2018</property>
</record>
<record>
  <date>2018-03-20T08:58:51</date>
  <millis>1521532731969</millis>
  <sequence>1</sequence>
  <level>RUN_DATA</level>
  <class>com.kms.katalon.core.logging.KeywordLogger</class>
  <method>logMessage</method>
  <thread>1</thread>
  <message>Logging run data &amp;apos;hostName&amp;apos; with value &amp;apos;lbut - 192.168.0.4&amp;apos;</message>
  <nestedLevel>0</nestedLevel>
  <property name="hostName">lbut - 192.168.0.4</property>
</record>
<record>
  <date>2018-03-20T08:58:51</date>
  <millis>1521532731970</millis>
  <sequence>2</sequence>
  <level>RUN_DATA</level>
  <class>com.kms.katalon.core.logging.KeywordLogger</class>
  <method>logMessage</method>
  <thread>1</thread>
  <message>Logging run data &amp;apos;os&amp;apos; with value &amp;apos;Mac OS X 64bit&amp;apos;</message>
  <nestedLevel>0</nestedLevel>
  <property name="os">Mac OS X 64bit</property>
</record>
<record>
  <date>2018-03-20T08:58:51</date>
  <millis>1521532731971</millis>
  <sequence>3</sequence>
  <level>RUN_DATA</level>
  <class>com.kms.katalon.core.logging.KeywordLogger</class>
  <method>logMessage</method>
  <thread>1</thread>
  <message>Logging run data &amp;apos;hostAddress&amp;apos; with value &amp;apos;192.168.0.4&amp;apos;</message>
  <nestedLevel>0</nestedLevel>
  <property name="hostAddress">192.168.0.4</property>
</record>
<record>
  <date>2018-03-20T08:58:51</date>
  <millis>1521532731981</millis>
  <sequence>4</sequence>
  <level>RUN_DATA</level>
  <class>com.kms.katalon.core.logging.KeywordLogger</class>
  <method>logMessage</method>
  <thread>1</thread>
  <message>Logging run data &amp;apos;katalonVersion&amp;apos; with value &amp;apos;5.3.1.1&amp;apos;</message>
  <nestedLevel>0</nestedLevel>
  <property name="katalonVersion">5.3.1.1</property>
</record>
<record>
  <date>2018-03-20T08:58:52</date>
  <millis>1521532732926</millis>
  <sequence>5</sequence>
  <level>START</level>
  <class>com.kms.katalon.core.logging.KeywordLogger</class>
  <method>startTest</method>
  <thread>1</thread>
  <message>Start Test Case : Test Cases/Prototyp_GAA_Suche (RC18)/01_Testfall</message>
  <nestedLevel>1</nestedLevel>
  <property name="name">Test Cases/Prototyp_GAA_Suche (RC18)/01_Testfall</property>
  <property name="description">Fehler:\nAkk=100\nGAA_Maps=99\n\n\nInitial: Die ersten 100 GAAs der Bank sind angezeigt\ncount=100</property>
  <property name="id">Test Cases/Prototyp_GAA_Suche (RC18)/01_Testfall</property>
  <property name="source">\\Users\\lbut\\Desktop\\KATALON\\Prototyp1_20_03\\Prototyp1\\Test Cases\\Prototyp_GAA_Suche (RC18)\\01_Testfall.tc</property>
  <property name="isOptional">false</property>
</record>
<record>
  <date>2018-03-20T08:58:53</date>
  <millis>1521532733076</millis>
  <sequence>6</sequence>
  <level>INFO</level>
  <class>com.kms.katalon.core.logging.KeywordLogger</class>
  <method>logMessage</method>
  <thread>1</thread>
  <message>Evaluating variables for test case</message>
  <nestedLevel>1</nestedLevel>
</record>
<record>
  <date>2018-03-20T08:58:53</date>
  <millis>1521532733821</millis>
  <sequence>7</sequence>
  <level>START</level>
  <class>com.kms.katalon.core.logging.KeywordLogger</class>
  <method>startKeyword</method>
  <thread>1</thread>
  <message>Start action : openBrowser</message>
  <nestedLevel>1</nestedLevel>
  <property name="startLine">29</property>
  <property name="stepIndex">1</property>
</record>
<record>
  <date>2018-03-20T08:58:56</date>
  <millis>1521532736791</millis>
  <sequence>8</sequence>
  <level>INFO</level>
  <class>com.kms.katalon.core.logging.KeywordLogger</class>
  <method>logMessage</method>
  <thread>1</thread>
  <message>Opening browser</message>
  <nestedLevel>1</nestedLevel>
</record>
<record>
  <date>2018-03-20T08:58:56</date>
  <millis>1521532736893</millis>
  <sequence>9</sequence>
  <level>INFO</level>
  <class>com.kms.katalon.core.logging.KeywordLogger</class>
  <method>logMessage</method>
  <thread>1</thread>
  <message>Starting &amp;apos;Safari&amp;apos; driver</message>
  <nestedLevel>1</nestedLevel>
</record>
<record>
  <date>2018-03-20T08:58:57</date>
  <millis>1521532737069</millis>
  <sequence>10</sequence>
  <level>INFO</level>
  <class>com.kms.katalon.core.logging.KeywordLogger</class>
  <method>logMessage</method>
  <thread>1</thread>
  <message>Action delay is set to 0 seconds</message>
  <nestedLevel>1</nestedLevel>
</record>
</log>
